#
# A fatal error has been detected by the Java Runtime Environment:
#
#  Internal Error (os_windows_x86.cpp:144), pid=24448, tid=0x0000000000004ee4
#  guarantee(result == EXCEPTION_CONTINUE_EXECUTION) failed: Unexpected result from topLevelExceptionFilter
#
# JRE version: Java(TM) SE Runtime Environment (8.0_231-b11) (build 1.8.0_231-b11)
# Java VM: Java HotSpot(TM) 64-Bit Server VM (25.231-b11 mixed mode windows-amd64 compressed oops)
# Failed to write core dump. Minidumps are not enabled by default on client versions of Windows
#
# If you would like to submit a bug report, please visit:
#   http://bugreport.java.com/bugreport/crash.jsp
# The crash happened outside the Java Virtual Machine in native code.
# See problematic frame for where to report the bug.
#

---------------  T H R E A D  ---------------

Current thread (0x0000026611cd9000):  JavaThread "Python Reference Queue" daemon [_thread_in_native, id=20196, stack(0x00000081f8a00000,0x00000081f8bf0000)]

Stack: [0x00000081f8a00000,0x00000081f8bf0000]
[error occurred during error reporting (printing stack bounds), id 0xc0000005]

Native frames: (J=compiled Java code, j=interpreted, Vv=VM code, C=native code)

Java frames: (J=compiled Java code, j=interpreted, Vv=VM code)
j  org.jpype.ref.JPypeReferenceNative.wake()V+0
j  org.jpype.ref.JPypeReferenceQueue$Worker.run()V+42
j  java.lang.Thread.run()V+11
v  ~StubRoutines::call_stub

---------------  P R O C E S S  ---------------

Java Threads: ( => current thread )
  0x0000026613660800 JavaThread "Thread-1" daemon [_thread_in_native, id=28148, stack(0x00000081fa710000,0x00000081fa900000)]
=>0x0000026611cd9000 JavaThread "Python Reference Queue" daemon [_thread_in_native, id=20196, stack(0x00000081f8a00000,0x00000081f8bf0000)]
  0x0000026611b9d800 JavaThread "Service Thread" daemon [_thread_blocked, id=16440, stack(0x00000081f8620000,0x00000081f8810000)]
  0x0000026611b4c800 JavaThread "C1 CompilerThread3" daemon [_thread_blocked, id=9092, stack(0x00000081f8430000,0x00000081f8620000)]
  0x0000026611b46800 JavaThread "C2 CompilerThread2" daemon [_thread_in_native, id=4588, stack(0x00000081f8240000,0x00000081f8430000)]
  0x0000026611b44000 JavaThread "C2 CompilerThread1" daemon [_thread_in_native, id=31924, stack(0x00000081f8050000,0x00000081f8240000)]
  0x0000026611b40800 JavaThread "C2 CompilerThread0" daemon [_thread_in_native, id=24568, stack(0x00000081f7e60000,0x00000081f8050000)]
  0x0000026611b3f000 JavaThread "Attach Listener" daemon [_thread_blocked, id=22064, stack(0x00000081f7c70000,0x00000081f7e60000)]
  0x0000026611aeb800 JavaThread "Signal Dispatcher" daemon [_thread_blocked, id=22460, stack(0x00000081f7a80000,0x00000081f7c70000)]
  0x0000026611ad1800 JavaThread "Finalizer" daemon [_thread_blocked, id=16720, stack(0x00000081f7890000,0x00000081f7a80000)]
  0x0000026611ad0800 JavaThread "Reference Handler" daemon [_thread_blocked, id=7600, stack(0x00000081f76a0000,0x00000081f7890000)]
  0x000002667d903000 JavaThread "main" [_thread_in_native, id=32136, stack(0x00000081f4c00000,0x00000081f4df0000)]

Other Threads:
  0x000002667ed39800 VMThread [stack: 0x00000081f74b0000,0x00000081f76a0000] [id=11736]
  0x0000026611bdc000 WatcherThread [stack: 0x00000081f8810000,0x00000081f8a00000] [id=21400]

VM state:not at safepoint (normal execution)

VM Mutex/Monitor currently owned by a thread: None

heap address: 0x00000000c0000000, size: 1024 MB, Compressed Oops mode: 32-bit
Narrow klass base: 0x0000000000000000, Narrow klass shift: 3
Compressed class space size: 1073741824 Address: 0x0000000100000000

Heap:
 PSYoungGen      total 284672K, used 6638K [0x00000000eab00000, 0x00000000fd600000, 0x0000000100000000)
  eden space 263168K, 2% used [0x00000000eab00000,0x00000000eb17b978,0x00000000fac00000)
  from space 21504K, 0% used [0x00000000fc100000,0x00000000fc100000,0x00000000fd600000)
  to   space 21504K, 0% used [0x00000000fac00000,0x00000000fac00000,0x00000000fc100000)
 ParOldGen       total 349696K, used 71407K [0x00000000c0000000, 0x00000000d5580000, 0x00000000eab00000)
  object space 349696K, 20% used [0x00000000c0000000,0x00000000c45bbc20,0x00000000d5580000)
 Metaspace       used 13888K, capacity 14560K, committed 14848K, reserved 1062912K
  class space    used 2077K, capacity 2241K, committed 2304K, reserved 1048576K

Card table byte_map: [0x000002667ddc0000,0x000002667dfd0000] byte_map_base: 0x000002667d7c0000

Marking Bits: (ParMarkBitMap*) 0x0000000073ce6d90
 Begin Bits: [0x000002660f000000, 0x0000026610000000)
 End Bits:   [0x0000026610000000, 0x0000026611000000)

Polling page: 0x000002667d8b0000

CodeCache: size=245760Kb used=8531Kb max_used=9484Kb free=237228Kb
 bounds [0x0000026600000000, 0x0000026600950000, 0x000002660f000000]
 total_blobs=2974 nmethods=2603 adapters=282
 compilation: enabled

Compilation events (10 events):
Event: 3305.427 Thread 0x0000026611b4c800 nmethod 2981 0x000002660041a550 code [0x000002660041a6a0, 0x000002660041a798]
Event: 3305.427 Thread 0x0000026611b4c800 2982       3       org.openkoreantext.processor.tokenizer.KoreanTokenizer$::parseKoreanChunk (20 bytes)
Event: 3305.427 Thread 0x0000026611b4c800 nmethod 2982 0x0000026600479f90 code [0x000002660047a120, 0x000002660047a480]
Event: 3305.427 Thread 0x0000026611b4c800 2983       3       org.openkoreantext.processor.tokenizer.KoreanTokenizer$::findTopCandidates (317 bytes)
Event: 3305.427 Thread 0x0000026611b44000 2984       4       org.openkoreantext.processor.tokenizer.ParsedChunk$$Lambda$79/1330754528::apply (9 bytes)
Event: 3305.428 Thread 0x0000026611b46800 2985       4       java.util.regex.Pattern$CharProperty::match (56 bytes)
Event: 3305.429 Thread 0x0000026611b4c800 nmethod 2983 0x00000266005b6ed0 code [0x00000266005b74a0, 0x00000266005bbb30]
Event: 3305.485 Thread 0x0000026611b46800 nmethod 2985 0x0000026600218050 code [0x00000266002181a0, 0x00000266002183d8]
Event: 3305.485 Thread 0x0000026611b44000 nmethod 2984 0x0000026600229c50 code [0x0000026600229dc0, 0x000002660022a058]
Event: 3305.509 Thread 0x0000026611b40800 nmethod 2963 0x000002660049aed0 code [0x000002660049b300, 0x000002660049d488]

GC Heap History (10 events):
Event: 2287.384 GC heap before
{Heap before GC invocations=33 (full 15):
 PSYoungGen      total 284672K, used 64K [0x00000000eab00000, 0x00000000fd600000, 0x0000000100000000)
  eden space 263168K, 0% used [0x00000000eab00000,0x00000000eab00000,0x00000000fac00000)
  from space 21504K, 0% used [0x00000000fc100000,0x00000000fc110000,0x00000000fd600000)
  to   space 21504K, 0% used [0x00000000fac00000,0x00000000fac00000,0x00000000fc100000)
 ParOldGen       total 349696K, used 71406K [0x00000000c0000000, 0x00000000d5580000, 0x00000000eab00000)
  object space 349696K, 20% used [0x00000000c0000000,0x00000000c45bb890,0x00000000d5580000)
 Metaspace       used 13852K, capacity 14484K, committed 14592K, reserved 1060864K
  class space    used 2077K, capacity 2241K, committed 2304K, reserved 1048576K
Event: 2287.422 GC heap after
Heap after GC invocations=33 (full 15):
 PSYoungGen      total 284672K, used 0K [0x00000000eab00000, 0x00000000fd600000, 0x0000000100000000)
  eden space 263168K, 0% used [0x00000000eab00000,0x00000000eab00000,0x00000000fac00000)
  from space 21504K, 0% used [0x00000000fc100000,0x00000000fc100000,0x00000000fd600000)
  to   space 21504K, 0% used [0x00000000fac00000,0x00000000fac00000,0x00000000fc100000)
 ParOldGen       total 349696K, used 71406K [0x00000000c0000000, 0x00000000d5580000, 0x00000000eab00000)
  object space 349696K, 20% used [0x00000000c0000000,0x00000000c45bb890,0x00000000d5580000)
 Metaspace       used 13852K, capacity 14484K, committed 14592K, reserved 1060864K
  class space    used 2077K, capacity 2241K, committed 2304K, reserved 1048576K
}
Event: 2338.370 GC heap before
{Heap before GC invocations=34 (full 15):
 PSYoungGen      total 284672K, used 469K [0x00000000eab00000, 0x00000000fd600000, 0x0000000100000000)
  eden space 263168K, 0% used [0x00000000eab00000,0x00000000eab75760,0x00000000fac00000)
  from space 21504K, 0% used [0x00000000fc100000,0x00000000fc100000,0x00000000fd600000)
  to   space 21504K, 0% used [0x00000000fac00000,0x00000000fac00000,0x00000000fc100000)
 ParOldGen       total 349696K, used 71406K [0x00000000c0000000, 0x00000000d5580000, 0x00000000eab00000)
  object space 349696K, 20% used [0x00000000c0000000,0x00000000c45bb890,0x00000000d5580000)
 Metaspace       used 13852K, capacity 14484K, committed 14592K, reserved 1060864K
  class space    used 2077K, capacity 2241K, committed 2304K, reserved 1048576K
Event: 2338.371 GC heap after
Heap after GC invocations=34 (full 15):
 PSYoungGen      total 284672K, used 64K [0x00000000eab00000, 0x00000000fd600000, 0x0000000100000000)
  eden space 263168K, 0% used [0x00000000eab00000,0x00000000eab00000,0x00000000fac00000)
  from space 21504K, 0% used [0x00000000fac00000,0x00000000fac10000,0x00000000fc100000)
  to   space 21504K, 0% used [0x00000000fc100000,0x00000000fc100000,0x00000000fd600000)
 ParOldGen       total 349696K, used 71406K [0x00000000c0000000, 0x00000000d5580000, 0x00000000eab00000)
  object space 349696K, 20% used [0x00000000c0000000,0x00000000c45bb890,0x00000000d5580000)
 Metaspace       used 13852K, capacity 14484K, committed 14592K, reserved 1060864K
  class space    used 2077K, capacity 2241K, committed 2304K, reserved 1048576K
}
Event: 2338.371 GC heap before
{Heap before GC invocations=35 (full 16):
 PSYoungGen      total 284672K, used 64K [0x00000000eab00000, 0x00000000fd600000, 0x0000000100000000)
  eden space 263168K, 0% used [0x00000000eab00000,0x00000000eab00000,0x00000000fac00000)
  from space 21504K, 0% used [0x00000000fac00000,0x00000000fac10000,0x00000000fc100000)
  to   space 21504K, 0% used [0x00000000fc100000,0x00000000fc100000,0x00000000fd600000)
 ParOldGen       total 349696K, used 71406K [0x00000000c0000000, 0x00000000d5580000, 0x00000000eab00000)
  object space 349696K, 20% used [0x00000000c0000000,0x00000000c45bb890,0x00000000d5580000)
 Metaspace       used 13852K, capacity 14484K, committed 14592K, reserved 1060864K
  class space    used 2077K, capacity 2241K, committed 2304K, reserved 1048576K
Event: 2338.431 GC heap after
Heap after GC invocations=35 (full 16):
 PSYoungGen      total 284672K, used 0K [0x00000000eab00000, 0x00000000fd600000, 0x0000000100000000)
  eden space 263168K, 0% used [0x00000000eab00000,0x00000000eab00000,0x00000000fac00000)
  from space 21504K, 0% used [0x00000000fac00000,0x00000000fac00000,0x00000000fc100000)
  to   space 21504K, 0% used [0x00000000fc100000,0x00000000fc100000,0x00000000fd600000)
 ParOldGen       total 349696K, used 71406K [0x00000000c0000000, 0x00000000d5580000, 0x00000000eab00000)
  object space 349696K, 20% used [0x00000000c0000000,0x00000000c45bb890,0x00000000d5580000)
 Metaspace       used 13852K, capacity 14484K, committed 14592K, reserved 1060864K
  class space    used 2077K, capacity 2241K, committed 2304K, reserved 1048576K
}
Event: 3305.429 GC heap before
{Heap before GC invocations=36 (full 16):
 PSYoungGen      total 284672K, used 5526K [0x00000000eab00000, 0x00000000fd600000, 0x0000000100000000)
  eden space 263168K, 2% used [0x00000000eab00000,0x00000000eb0659d8,0x00000000fac00000)
  from space 21504K, 0% used [0x00000000fac00000,0x00000000fac00000,0x00000000fc100000)
  to   space 21504K, 0% used [0x00000000fc100000,0x00000000fc100000,0x00000000fd600000)
 ParOldGen       total 349696K, used 71406K [0x00000000c0000000, 0x00000000d5580000, 0x00000000eab00000)
  object space 349696K, 20% used [0x00000000c0000000,0x00000000c45bb890,0x00000000d5580000)
 Metaspace       used 13886K, capacity 14560K, committed 14848K, reserved 1062912K
  class space    used 2077K, capacity 2241K, committed 2304K, reserved 1048576K
Event: 3305.430 GC heap after
Heap after GC invocations=36 (full 16):
 PSYoungGen      total 284672K, used 160K [0x00000000eab00000, 0x00000000fd600000, 0x0000000100000000)
  eden space 263168K, 0% used [0x00000000eab00000,0x00000000eab00000,0x00000000fac00000)
  from space 21504K, 0% used [0x00000000fc100000,0x00000000fc128000,0x00000000fd600000)
  to   space 21504K, 0% used [0x00000000fac00000,0x00000000fac00000,0x00000000fc100000)
 ParOldGen       total 349696K, used 71406K [0x00000000c0000000, 0x00000000d5580000, 0x00000000eab00000)
  object space 349696K, 20% used [0x00000000c0000000,0x00000000c45bb890,0x00000000d5580000)
 Metaspace       used 13886K, capacity 14560K, committed 14848K, reserved 1062912K
  class space    used 2077K, capacity 2241K, committed 2304K, reserved 1048576K
}
Event: 3305.430 GC heap before
{Heap before GC invocations=37 (full 17):
 PSYoungGen      total 284672K, used 160K [0x00000000eab00000, 0x00000000fd600000, 0x0000000100000000)
  eden space 263168K, 0% used [0x00000000eab00000,0x00000000eab00000,0x00000000fac00000)
  from space 21504K, 0% used [0x00000000fc100000,0x00000000fc128000,0x00000000fd600000)
  to   space 21504K, 0% used [0x00000000fac00000,0x00000000fac00000,0x00000000fc100000)
 ParOldGen       total 349696K, used 71406K [0x00000000c0000000, 0x00000000d5580000, 0x00000000eab00000)
  object space 349696K, 20% used [0x00000000c0000000,0x00000000c45bb890,0x00000000d5580000)
 Metaspace       used 13886K, capacity 14560K, committed 14848K, reserved 1062912K
  class space    used 2077K, capacity 2241K, committed 2304K, reserved 1048576K
Event: 3305.485 GC heap after
Heap after GC invocations=37 (full 17):
 PSYoungGen      total 284672K, used 0K [0x00000000eab00000, 0x00000000fd600000, 0x0000000100000000)
  eden space 263168K, 0% used [0x00000000eab00000,0x00000000eab00000,0x00000000fac00000)
  from space 21504K, 0% used [0x00000000fc100000,0x00000000fc100000,0x00000000fd600000)
  to   space 21504K, 0% used [0x00000000fac00000,0x00000000fac00000,0x00000000fc100000)
 ParOldGen       total 349696K, used 71407K [0x00000000c0000000, 0x00000000d5580000, 0x00000000eab00000)
  object space 349696K, 20% used [0x00000000c0000000,0x00000000c45bbc20,0x00000000d5580000)
 Metaspace       used 13886K, capacity 14560K, committed 14848K, reserved 1062912K
  class space    used 2077K, capacity 2241K, committed 2304K, reserved 1048576K
}

Deoptimization events (10 events):
Event: 1064.224 Thread 0x000002667d903000 Uncommon trap: reason=class_check action=maybe_recompile pc=0x0000026600785678 method=scala.collection.mutable.MapBuilder.$plus$eq(Lscala/Tuple2;)Lscala/collection/mutable/MapBuilder; @ 6
Event: 1064.266 Thread 0x000002667d903000 Uncommon trap: reason=unstable_if action=reinterpret pc=0x00000266004c86d0 method=scala.collection.immutable.HashMap$HashTrieMap.get0(Ljava/lang/Object;II)Lscala/Option; @ 13
Event: 1064.276 Thread 0x000002667d903000 Uncommon trap: reason=bimorphic action=maybe_recompile pc=0x000002660062be84 method=scala.collection.IterableLike.foreach(Lscala/Function1;)V @ 1
Event: 1064.277 Thread 0x000002667d903000 Uncommon trap: reason=unstable_if action=reinterpret pc=0x0000026600770dc0 method=scala.collection.immutable.Set$Set3.contains(Ljava/lang/Object;)Z @ 8
Event: 1064.280 Thread 0x000002667d903000 Uncommon trap: reason=predicate action=maybe_recompile pc=0x00000266002205b0 method=java.util.regex.Pattern$Slice.match(Ljava/util/regex/Matcher;ILjava/lang/CharSequence;)Z @ 21
Event: 1064.311 Thread 0x000002667d903000 Uncommon trap: reason=unstable_if action=reinterpret pc=0x00000266005e95d0 method=scala.collection.immutable.HashMap$HashMap1.contains0(Ljava/lang/Object;II)Z @ 5
Event: 1064.333 Thread 0x000002667d903000 Uncommon trap: reason=unstable_if action=reinterpret pc=0x00000266001ce7f0 method=java.util.HashMap.getNode(ILjava/lang/Object;)Ljava/util/HashMap$Node; @ 129
Event: 1064.378 Thread 0x000002667d903000 Uncommon trap: reason=class_check action=maybe_recompile pc=0x000002660062f468 method=scala.collection.TraversableLike.builder$1(Lscala/collection/generic/CanBuildFrom;)Lscala/collection/mutable/Builder; @ 7
Event: 1064.383 Thread 0x000002667d903000 Uncommon trap: reason=unstable_if action=reinterpret pc=0x0000026600851f9c method=java.util.regex.ASCII.isLower(I)Z @ 9
Event: 3305.425 Thread 0x000002667d903000 Uncommon trap: reason=class_check action=maybe_recompile pc=0x000002660062f468 method=scala.collection.TraversableLike.builder$1(Lscala/collection/generic/CanBuildFrom;)Lscala/collection/mutable/Builder; @ 7

Classes redefined (0 events):
No events

Internal exceptions (10 events):
Event: 1063.645 Thread 0x000002667d903000 Exception <a 'java/lang/NoSuchMethodError': java.lang.Object.$anonfun$foreach$5(Lscala/collection/TraversableViewLike$Filtered;Lscala/Function1;Ljava/lang/Object;)Ljava/lang/Object;> (0x00000000ebbce1e8) thrown at [C:\re\workspace\8-2-build-windows-amd64-
Event: 1063.654 Thread 0x000002667d903000 Exception <a 'java/lang/NoSuchMethodError': java.lang.Object.$anonfun$count$1$adapted(Lscala/Function1;Lscala/runtime/IntRef;Ljava/lang/Object;)Ljava/lang/Object;> (0x00000000ebe3bfe0) thrown at [C:\re\workspace\8-2-build-windows-amd64-cygwin\jdk8u231\136
Event: 1063.668 Thread 0x000002667d903000 Exception <a 'java/lang/NoSuchMethodError': java.lang.Object.$anonfun$sliding$1(Lscala/collection/IterableLike;Lscala/collection/Seq;)Ljava/lang/Object;> (0x00000000ebe9eb98) thrown at [C:\re\workspace\8-2-build-windows-amd64-cygwin\jdk8u231\13620\hotspot
Event: 1063.672 Thread 0x000002667d903000 Exception <a 'java/lang/NoSuchMethodError': java.lang.Object.$anonfun$sum$1(Lscala/math/Numeric;Ljava/lang/Object;Ljava/lang/Object;)Ljava/lang/Object;> (0x00000000ebee5b70) thrown at [C:\re\workspace\8-2-build-windows-amd64-cygwin\jdk8u231\13620\hotspot\
Event: 1063.740 Thread 0x000002667d903000 Exception <a 'java/lang/NoSuchMethodError': java.lang.Object.$anonfun$distinct$1(Lscala/collection/mutable/Builder;Lscala/collection/mutable/HashSet;Ljava/lang/Object;)Ljava/lang/Object;> (0x00000000ee1998a8) thrown at [C:\re\workspace\8-2-build-windows-a
Event: 1064.307 Thread 0x000002667d903000 Exception <a 'java/lang/NoSuchMethodError': java.lang.Object.$anonfun$releaseVersion$1$adapted(Ljava/lang/String;)Ljava/lang/Object;> (0x00000000ee51d428) thrown at [C:\re\workspace\8-2-build-windows-amd64-cygwin\jdk8u231\13620\hotspot\src\share\vm\interp
Event: 1064.308 Thread 0x000002667d903000 Exception <a 'java/lang/NoSuchMethodError': java.lang.Object.$anonfun$releaseVersion$2(Ljava/lang/String;)Ljava/lang/String;> (0x00000000ee527b58) thrown at [C:\re\workspace\8-2-build-windows-amd64-cygwin\jdk8u231\13620\hotspot\src\share\vm\interpreter\li
Event: 1064.309 Thread 0x000002667d903000 Exception <a 'java/lang/NoSuchMethodError': java.lang.Object.$anonfun$developmentVersion$1$adapted(Ljava/lang/String;)Ljava/lang/Object;> (0x00000000ee52bcf0) thrown at [C:\re\workspace\8-2-build-windows-amd64-cygwin\jdk8u231\13620\hotspot\src\share\vm\in
Event: 1064.309 Thread 0x000002667d903000 Exception <a 'java/lang/NoSuchMethodError': java.lang.Object.$anonfun$developmentVersion$2(Lscala/util/PropertiesTrait;Ljava/lang/String;)Lscala/Option;> (0x00000000ee52fab8) thrown at [C:\re\workspace\8-2-build-windows-amd64-cygwin\jdk8u231\13620\hotspot
Event: 1064.381 Thread 0x000002667d903000 Exception <a 'java/lang/NoSuchMethodError': java.lang.Object.$anonfun$addString$1(Lscala/collection/mutable/StringBuilder;Ljava/lang/String;Lscala/runtime/BooleanRef;Ljava/lang/Object;)Ljava/lang/Object;> (0x00000000ee94d3a8) thrown at [C:\re\workspace\8-

Events (10 events):
Event: 3305.425 Thread 0x000002667d903000 DEOPT UNPACKING pc=0x0000026600045843 sp=0x00000081f4de8838 mode 2
Event: 3305.429 Executing VM operation: ParallelGCSystemGC
Event: 3305.485 Executing VM operation: ParallelGCSystemGC done
Event: 3305.485 Thread 0x0000026611b46800 flushing nmethod 0x0000026600127c10
Event: 3305.485 Thread 0x0000026611b46800 flushing nmethod 0x0000026600135410
Event: 3305.485 Thread 0x0000026611b46800 flushing nmethod 0x000002660015d8d0
Event: 3305.509 Thread 0x0000026611b40800 flushing nmethod 0x00000266001604d0
Event: 3305.509 Thread 0x0000026611b40800 flushing nmethod 0x00000266001b1810
Event: 3305.509 Thread 0x0000026611b40800 flushing nmethod 0x00000266001bf310
Event: 3305.509 Thread 0x0000026611b40800 flushing nmethod 0x00000266001c3650


Dynamic libraries:
0x00007ff74e970000 - 0x00007ff74e98c000 	C:\ProgramData\Anaconda3\python.exe
0x00007ffd03950000 - 0x00007ffd03b46000 	C:\WINDOWS\SYSTEM32\ntdll.dll
0x00007ffd03600000 - 0x00007ffd036bd000 	C:\WINDOWS\System32\KERNEL32.DLL
0x00007ffd01520000 - 0x00007ffd017e8000 	C:\WINDOWS\System32\KERNELBASE.dll
0x00007ffd01420000 - 0x00007ffd01520000 	C:\WINDOWS\System32\ucrtbase.dll
0x00007ffcfddf0000 - 0x00007ffcfde05000 	C:\ProgramData\Anaconda3\VCRUNTIME140.dll
0x00007ffcd8470000 - 0x00007ffcd8833000 	C:\ProgramData\Anaconda3\python37.dll
0x00007ffd019f0000 - 0x00007ffd01a45000 	C:\WINDOWS\System32\SHLWAPI.dll
0x00007ffd02b70000 - 0x00007ffd02c0e000 	C:\WINDOWS\System32\msvcrt.dll
0x00007ffd02c10000 - 0x00007ffd02c7b000 	C:\WINDOWS\System32\WS2_32.dll
0x00007ffd033a0000 - 0x00007ffd034c4000 	C:\WINDOWS\System32\RPCRT4.dll
0x00007ffcfb0b0000 - 0x00007ffcfb0ba000 	C:\WINDOWS\SYSTEM32\VERSION.dll
0x00007ffd022f0000 - 0x00007ffd0239a000 	C:\WINDOWS\System32\ADVAPI32.dll
0x00007ffd02190000 - 0x00007ffd0222b000 	C:\WINDOWS\System32\sechost.dll
0x00007ffd00a60000 - 0x00007ffd00a78000 	C:\WINDOWS\SYSTEM32\CRYPTSP.dll
0x00007ffd001b0000 - 0x00007ffd001e4000 	C:\WINDOWS\system32\rsaenh.dll
0x00007ffd01340000 - 0x00007ffd01367000 	C:\WINDOWS\System32\bcrypt.dll
0x00007ffd00a80000 - 0x00007ffd00a8c000 	C:\WINDOWS\SYSTEM32\CRYPTBASE.dll
0x00007ffd018e0000 - 0x00007ffd0195f000 	C:\WINDOWS\System32\bcryptPrimitives.dll
0x00007ffcfdd60000 - 0x00007ffcfdd6f000 	C:\ProgramData\Anaconda3\python3.dll
0x00007ffceda40000 - 0x00007ffceda58000 	C:\ProgramData\Anaconda3\DLLs\_bz2.pyd
0x00007ffced9f0000 - 0x00007ffceda31000 	C:\ProgramData\Anaconda3\DLLs\_lzma.pyd
0x00007ffcf82b0000 - 0x00007ffcf82bd000 	C:\ProgramData\Anaconda3\DLLs\_hashlib.pyd
0x00007ffcc4080000 - 0x00007ffcc43c5000 	C:\ProgramData\Anaconda3\Library\bin\libcrypto-1_1-x64.dll
0x00007ffd01f10000 - 0x00007ffd020b0000 	C:\WINDOWS\System32\USER32.dll
0x00007ffd011b0000 - 0x00007ffd011d2000 	C:\WINDOWS\System32\win32u.dll
0x00007ffd01ee0000 - 0x00007ffd01f0a000 	C:\WINDOWS\System32\GDI32.dll
0x00007ffd010a0000 - 0x00007ffd011a9000 	C:\WINDOWS\System32\gdi32full.dll
0x00007ffd01840000 - 0x00007ffd018dd000 	C:\WINDOWS\System32\msvcp_win.dll
0x00007ffd032c0000 - 0x00007ffd032f0000 	C:\WINDOWS\System32\IMM32.DLL
0x00007ffceda60000 - 0x00007ffceda83000 	C:\ProgramData\Anaconda3\DLLs\_ctypes.pyd
0x00007ffd037e0000 - 0x00007ffd0390a000 	C:\WINDOWS\System32\ole32.dll
0x00007ffd02db0000 - 0x00007ffd03105000 	C:\WINDOWS\System32\combase.dll
0x00007ffd02c80000 - 0x00007ffd02d4d000 	C:\WINDOWS\System32\OLEAUT32.dll
0x00007ffd02430000 - 0x00007ffd02b70000 	C:\WINDOWS\System32\shell32.DLL
0x00007ffced690000 - 0x00007ffced6a5000 	C:\ProgramData\Anaconda3\DLLs\_socket.pyd
0x00007ffcf0570000 - 0x00007ffcf0579000 	C:\ProgramData\Anaconda3\DLLs\select.pyd
0x00007ffced670000 - 0x00007ffced68f000 	C:\ProgramData\Anaconda3\DLLs\_ssl.pyd
0x00007ffd011e0000 - 0x00007ffd0133d000 	C:\WINDOWS\System32\CRYPT32.dll
0x00007ffced260000 - 0x00007ffced30b000 	C:\ProgramData\Anaconda3\Library\bin\libssl-1_1-x64.dll
0x00007ffced600000 - 0x00007ffced614000 	C:\ProgramData\Anaconda3\DLLs\_asyncio.pyd
0x00007ffced450000 - 0x00007ffced45d000 	C:\ProgramData\Anaconda3\DLLs\_overlapped.pyd
0x00007ffd00890000 - 0x00007ffd008fa000 	C:\WINDOWS\system32\mswsock.dll
0x00007ffce9650000 - 0x00007ffce9667000 	C:\ProgramData\Anaconda3\DLLs\_sqlite3.pyd
0x00007ffcde390000 - 0x00007ffcde493000 	C:\ProgramData\Anaconda3\Library\bin\sqlite3.dll
0x00007ffcefe00000 - 0x00007ffcefe09000 	C:\ProgramData\Anaconda3\DLLs\_queue.pyd
0x00007ffced150000 - 0x00007ffced258000 	C:\ProgramData\Anaconda3\DLLs\unicodedata.pyd
0x00007ffced430000 - 0x00007ffced446000 	C:\ProgramData\Anaconda3\lib\site-packages\zmq\backend\cython\constants.cp37-win_amd64.pyd
0x00007ffced420000 - 0x00007ffced42c000 	C:\ProgramData\Anaconda3\lib\site-packages\zmq\backend\cython\error.cp37-win_amd64.pyd
0x00007ffced0d0000 - 0x00007ffced142000 	C:\ProgramData\Anaconda3\Library\bin\libzmq-mt-4_3_1.dll
0x00007ffcece80000 - 0x00007ffcecf11000 	C:\WINDOWS\SYSTEM32\MSVCP140.dll
0x00007ffd00530000 - 0x00007ffd0056b000 	C:\WINDOWS\SYSTEM32\IPHLPAPI.DLL
0x00007ffced3c0000 - 0x00007ffced3cc000 	C:\WINDOWS\SYSTEM32\VCRUNTIME140_1.dll
0x00007ffced3d0000 - 0x00007ffced41b000 	C:\ProgramData\Anaconda3\Library\bin\libsodium.dll
0x00007ffcece60000 - 0x00007ffcece7a000 	C:\ProgramData\Anaconda3\lib\site-packages\zmq\backend\cython\message.cp37-win_amd64.pyd
0x00007ffcece40000 - 0x00007ffcece54000 	C:\ProgramData\Anaconda3\lib\site-packages\zmq\backend\cython\context.cp37-win_amd64.pyd
0x00007ffcece10000 - 0x00007ffcece36000 	C:\ProgramData\Anaconda3\lib\site-packages\zmq\backend\cython\socket.cp37-win_amd64.pyd
0x00007ffcece00000 - 0x00007ffcece0e000 	C:\ProgramData\Anaconda3\lib\site-packages\zmq\backend\cython\utils.cp37-win_amd64.pyd
0x00007ffcecde0000 - 0x00007ffcecdf4000 	C:\ProgramData\Anaconda3\lib\site-packages\zmq\backend\cython\_poll.cp37-win_amd64.pyd
0x00007ffcecdd0000 - 0x00007ffcecddc000 	C:\ProgramData\Anaconda3\lib\site-packages\zmq\backend\cython\_version.cp37-win_amd64.pyd
0x00007ffcecdb0000 - 0x00007ffcecdc2000 	C:\ProgramData\Anaconda3\lib\site-packages\zmq\backend\cython\_device.cp37-win_amd64.pyd
0x00007ffcecda0000 - 0x00007ffcecdb0000 	C:\ProgramData\Anaconda3\lib\site-packages\zmq\backend\cython\_proxy_steerable.cp37-win_amd64.pyd
0x00007ffcef0c0000 - 0x00007ffcef0c7000 	C:\ProgramData\Anaconda3\lib\site-packages\tornado\speedups.cp37-win_amd64.pyd
0x00007ffced620000 - 0x00007ffced664000 	C:\ProgramData\Anaconda3\DLLs\_decimal.pyd
0x00007ffcff010000 - 0x00007ffcff022000 	C:\WINDOWS\SYSTEM32\kernel.appcore.dll
0x00007ffd019c0000 - 0x00007ffd019c9000 	C:\WINDOWS\System32\NSI.dll
0x00007ffcfb560000 - 0x00007ffcfb577000 	C:\WINDOWS\SYSTEM32\dhcpcsvc6.DLL
0x00007ffcfafa0000 - 0x00007ffcfafbd000 	C:\WINDOWS\SYSTEM32\dhcpcsvc.DLL
0x00007ffd00570000 - 0x00007ffd0063b000 	C:\WINDOWS\SYSTEM32\DNSAPI.dll
0x0000000073ee0000 - 0x0000000073f05000 	C:\ProgramData\Anaconda3\lib\site-packages\win32\win32api.pyd
0x0000000073eb0000 - 0x0000000073ed6000 	C:\ProgramData\Anaconda3\lib\site-packages\win32\pywintypes37.dll
0x00007ffcf1910000 - 0x00007ffcf191c000 	C:\WINDOWS\SYSTEM32\secur32.dll
0x00007ffd00f50000 - 0x00007ffd00f8c000 	C:\WINDOWS\SYSTEM32\SSPICLI.DLL
0x0000000073de0000 - 0x0000000073e06000 	C:\ProgramData\Anaconda3\lib\site-packages\win32\win32security.pyd
0x00007ffcf1940000 - 0x00007ffcf1958000 	C:\WINDOWS\SYSTEM32\NETAPI32.dll
0x00007ffd00640000 - 0x00007ffd0064c000 	C:\WINDOWS\SYSTEM32\NETUTILS.DLL
0x0000026677570000 - 0x0000026677573000 	C:\WINDOWS\SYSTEM32\security.dll
0x00007ffcf18c0000 - 0x00007ffcf18ea000 	C:\WINDOWS\SYSTEM32\ntdsapi.dll
0x00007ffd00650000 - 0x00007ffd00692000 	C:\WINDOWS\SYSTEM32\LOGONCLI.DLL
0x00007ffce9670000 - 0x00007ffce96a2000 	C:\ProgramData\Anaconda3\DLLs\pyexpat.pyd
0x0000000073f40000 - 0x0000000073f48000 	C:\ProgramData\Anaconda3\lib\site-packages\win32\_win32sysloader.pyd
0x0000000073e10000 - 0x0000000073ea5000 	C:\ProgramData\Anaconda3\Library\bin\pythoncom37.dll
0x00007ffcfea70000 - 0x00007ffcfeb0f000 	C:\WINDOWS\system32\uxtheme.dll
0x00007ffcf1b20000 - 0x00007ffcf1d0d000 	C:\WINDOWS\SYSTEM32\urlmon.dll
0x00007ffcef590000 - 0x00007ffcef840000 	C:\WINDOWS\SYSTEM32\iertutil.dll
0x00007ffd032f0000 - 0x00007ffd0339e000 	C:\WINDOWS\System32\shcore.dll
0x00007ffcecd60000 - 0x00007ffcecd95000 	C:\ProgramData\Anaconda3\DLLs\_elementtree.pyd
0x00007ffcf18b0000 - 0x00007ffcf18b8000 	C:\ProgramData\Anaconda3\lib\site-packages\cryptography\hazmat\bindings\_constant_time.cp37-win_amd64.pyd
0x00007ffcf1870000 - 0x00007ffcf18a2000 	C:\ProgramData\Anaconda3\lib\site-packages\_cffi_backend.cp37-win_amd64.pyd
0x00007ffcedce0000 - 0x00007ffcedd77000 	C:\ProgramData\Anaconda3\lib\site-packages\cryptography\hazmat\bindings\_openssl.cp37-win_amd64.pyd
0x00007ffcf1860000 - 0x00007ffcf1867000 	C:\ProgramData\Anaconda3\lib\site-packages\numpy\_mklinit.cp37-win_amd64.pyd
0x00007ffcba800000 - 0x00007ffcbb67e000 	C:\ProgramData\Anaconda3\Library\bin\mkl_rt.dll
0x00007ffcd3000000 - 0x00007ffcd32b1000 	C:\ProgramData\Anaconda3\lib\site-packages\numpy\core\_multiarray_umath.cp37-win_amd64.pyd
0x00007ffcf1130000 - 0x00007ffcf114d000 	C:\ProgramData\Anaconda3\lib\site-packages\numpy\core\_multiarray_tests.cp37-win_amd64.pyd
0x00007ffcf1850000 - 0x00007ffcf1859000 	C:\ProgramData\Anaconda3\lib\site-packages\numpy\linalg\lapack_lite.cp37-win_amd64.pyd
0x00007ffcefe10000 - 0x00007ffcefe3a000 	C:\ProgramData\Anaconda3\lib\site-packages\numpy\linalg\_umath_linalg.cp37-win_amd64.pyd
0x00007ffcf1110000 - 0x00007ffcf1126000 	C:\ProgramData\Anaconda3\lib\site-packages\numpy\fft\fftpack_lite.cp37-win_amd64.pyd
0x00007ffcedc90000 - 0x00007ffcedcd8000 	C:\ProgramData\Anaconda3\lib\site-packages\mkl_fft\_pydfti.cp37-win_amd64.pyd
0x00007ffcedbd0000 - 0x00007ffcedc85000 	C:\ProgramData\Anaconda3\lib\site-packages\numpy\random\mtrand.cp37-win_amd64.pyd
0x00007ffcacd00000 - 0x00007ffcaec05000 	C:\ProgramData\Anaconda3\Library\bin\mkl_intel_thread.dll
0x00007ffcd8860000 - 0x00007ffcd8a31000 	C:\ProgramData\Anaconda3\Library\bin\libiomp5md.dll
0x00007ffca8940000 - 0x00007ffcaccfa000 	C:\ProgramData\Anaconda3\Library\bin\mkl_core.dll
0x00007ffca5c50000 - 0x00007ffca8935000 	C:\ProgramData\Anaconda3\Library\bin\mkl_avx2.dll
0x00007ffcb9ba0000 - 0x00007ffcba7f8000 	C:\ProgramData\Anaconda3\Library\bin\mkl_vml_avx2.dll
0x0000000073db0000 - 0x0000000073dda000 	C:\ProgramData\Anaconda3\lib\site-packages\win32\win32file.pyd
0x0000026679b40000 - 0x0000026679b43000 	C:\WINDOWS\SYSTEM32\sfc.dll
0x00007ffceac00000 - 0x00007ffceac12000 	C:\WINDOWS\SYSTEM32\sfc_os.DLL
0x0000000073da0000 - 0x0000000073dab000 	C:\ProgramData\Anaconda3\lib\site-packages\win32\win32pipe.pyd
0x00007ffcf0590000 - 0x00007ffcf0598000 	C:\ProgramData\Anaconda3\lib\site-packages\cryptography\hazmat\bindings\_padding.cp37-win_amd64.pyd
0x00007ffcedb80000 - 0x00007ffcedbcb000 	C:\ProgramData\Anaconda3\lib\site-packages\_ruamel_yaml.cp37-win_amd64.pyd
0x00007ffcf7af0000 - 0x00007ffcf7b6f000 	C:\WINDOWS\System32\fwpuclnt.dll
0x00007ffcfacb0000 - 0x00007ffcfacba000 	C:\Windows\System32\rasadhlp.dll
0x00007ffcedb40000 - 0x00007ffcedb80000 	C:\ProgramData\Anaconda3\lib\site-packages\pandas\_libs\tslibs\conversion.cp37-win_amd64.pyd
0x00007ffcedb00000 - 0x00007ffcedb3b000 	C:\ProgramData\Anaconda3\lib\site-packages\pandas\_libs\tslibs\c_timestamp.cp37-win_amd64.pyd
0x00007ffcedac0000 - 0x00007ffcedaf2000 	C:\ProgramData\Anaconda3\lib\site-packages\pandas\_libs\tslibs\nattype.cp37-win_amd64.pyd
0x00007ffcf0580000 - 0x00007ffcf0590000 	C:\ProgramData\Anaconda3\lib\site-packages\pandas\_libs\tslibs\np_datetime.cp37-win_amd64.pyd
0x00007ffce95b0000 - 0x00007ffce95e6000 	C:\ProgramData\Anaconda3\lib\site-packages\pandas\_libs\tslibs\timezones.cp37-win_amd64.pyd
0x00007ffce81a0000 - 0x00007ffce81df000 	C:\ProgramData\Anaconda3\lib\site-packages\pandas\_libs\tslibs\tzconversion.cp37-win_amd64.pyd
0x00007ffce5140000 - 0x00007ffce51a6000 	C:\ProgramData\Anaconda3\lib\site-packages\pandas\_libs\tslibs\timedeltas.cp37-win_amd64.pyd
0x00007ffce73e0000 - 0x00007ffce743a000 	C:\ProgramData\Anaconda3\lib\site-packages\pandas\_libs\tslibs\offsets.cp37-win_amd64.pyd
0x00007ffcedaa0000 - 0x00007ffcedab3000 	C:\ProgramData\Anaconda3\lib\site-packages\pandas\_libs\tslibs\ccalendar.cp37-win_amd64.pyd
0x00007ffce50e0000 - 0x00007ffce5133000 	C:\ProgramData\Anaconda3\lib\site-packages\pandas\_libs\tslibs\strptime.cp37-win_amd64.pyd
0x00007ffce8070000 - 0x00007ffce80ac000 	C:\ProgramData\Anaconda3\lib\site-packages\pandas\_libs\tslibs\fields.cp37-win_amd64.pyd
0x00007ffce3120000 - 0x00007ffce3176000 	C:\ProgramData\Anaconda3\lib\site-packages\pandas\_libs\tslibs\parsing.cp37-win_amd64.pyd
0x00007ffce29e0000 - 0x00007ffce2a42000 	C:\ProgramData\Anaconda3\lib\site-packages\pandas\_libs\tslibs\period.cp37-win_amd64.pyd
0x00007ffce8300000 - 0x00007ffce8321000 	C:\ProgramData\Anaconda3\lib\site-packages\pandas\_libs\tslibs\frequencies.cp37-win_amd64.pyd
0x00007ffce53e0000 - 0x00007ffce5423000 	C:\ProgramData\Anaconda3\lib\site-packages\pandas\_libs\tslibs\timestamps.cp37-win_amd64.pyd
0x00007ffce50a0000 - 0x00007ffce50da000 	C:\ProgramData\Anaconda3\lib\site-packages\pandas\_libs\tslibs\resolution.cp37-win_amd64.pyd

VM Arguments:
jvm_args: -Dfile.encoding=UTF8 -ea -Xmx1024m 
java_command: <unknown>
java_class_path (initial): C:\ProgramData\Anaconda3\lib\site-packages\konlpy\java;C:\ProgramData\Anaconda3\lib\site-packages\konlpy\java\bin;C:\ProgramData\Anaconda3\lib\site-packages\konlpy\java\*;C:\ProgramData\Anaconda3\lib\site-packages\konlpy\java\jhannanum-0.8.4.jar;C:\ProgramData\Anaconda3\lib\site-packages\konlpy\java\kkma-2.0.jar;C:\ProgramData\Anaconda3\lib\site-packages\konlpy\java\aho-corasick.jar;C:\ProgramData\Anaconda3\lib\site-packages\konlpy\java\shineware-common-1.0.jar;C:\ProgramData\Anaconda3\lib\site-packages\konlpy\java\shineware-ds-1.0.jar;C:\ProgramData\Anaconda3\lib\site-packages\konlpy\java\komoran-3.0.jar;C:\ProgramData\Anaconda3\lib\site-packages\konlpy\java\snakeyaml-1.12.jar;C:\ProgramData\Anaconda3\lib\site-packages\konlpy\java\scala-library-2.12.3.jar;C:\ProgramData\Anaconda3\lib\site-packages\konlpy\java\open-korean-text-2.1.0.jar;C:\ProgramData\Anaconda3\lib\site-packages\konlpy\java\twitter-text-1.14.7.jar;C:\ProgramData\Anaconda3\lib\site-packages\konlpy\java\*
Launcher Type: generic

Environment Variables:
JAVA_HOME=C:\Program Files\Java\jdk1.8.0_231
CLASSPATH=JAVA_HOME\jre\lib;CATALINA_HOME\lib\servlet-api.jar
USERNAME=MoTS
OS=Windows_NT
PROCESSOR_IDENTIFIER=Intel64 Family 6 Model 158 Stepping 13, GenuineIntel



---------------  S Y S T E M  ---------------

OS: Windows 10.0 , 64 bit Build 19041 (10.0.19041.546)

CPU:total 8 (initial active 8) (8 cores per cpu, 1 threads per core) family 6 model 158 stepping 13, cmov, cx8, fxsr, mmx, sse, sse2, sse3, ssse3, sse4.1, sse4.2, popcnt, avx, avx2, aes, clmul, erms, rtm, 3dnowpref, lzcnt, tsc, tscinvbit, bmi1, bmi2, adx

Memory: 4k page, physical 33462020k(23787356k free), swap 38442756k(25714128k free)

vm_info: Java HotSpot(TM) 64-Bit Server VM (25.231-b11) for windows-amd64 JRE (1.8.0_231-b11), built on Oct  5 2019 03:11:30 by "java_re" with MS VC++ 10.0 (VS2010)

time: Mon Oct 26 12:10:56 2020
timezone: 대한민국 표준시
elapsed time: 3305 seconds (0d 0h 55m 5s)

